0 verbose cli D:\w_app\nodejs\node.exe D:\w_app\nodejs\node_modules\npm\bin\npm-cli.js
1 info using npm@11.9.0
2 info using node@v24.14.0
3 silly config load:file:D:\w_app\nodejs\node_modules\npm\npmrc
4 silly config load:file:D:\ai_project\new-car-trade\car-trade-frontend\.npmrc
5 silly config load:file:C:\Users\18252\.npmrc
6 silly config load:file:D:\npm-global\etc\npmrc
7 verbose title npm install uview-plus
8 verbose argv "install" "uview-plus" "--no-audit" "--no-fund" "--loglevel" "error"
9 verbose logfile logs-max:10 dir:D:\ai_project\new-car-trade\.npm-cache-tmp\_logs\2026-06-07T17_56_21_969Z-
10 verbose logfile D:\ai_project\new-car-trade\.npm-cache-tmp\_logs\2026-06-07T17_56_21_969Z-debug-0.log
11 silly logfile done cleaning log files
12 silly packumentCache heap:4496293888 maxSize:1124073472 maxEntrySize:562036736
13 silly idealTree buildDeps
14 silly fetch manifest uview-plus@*
15 silly packumentCache full:https://registry.npmmirror.com/uview-plus cache-miss
16 http fetch GET 200 https://registry.npmmirror.com/uview-plus 338ms (cache miss)
17 silly packumentCache full:https://registry.npmmirror.com/uview-plus set size:125389 disposed:false
18 silly placeDep ROOT uview-plus@3.8.49 OK for: 5d-car-trade@1.0.0 want: *
19 silly reify moves {}
20 http cache uview-plus@https://registry.npmmirror.com/uview-plus/-/uview-plus-3.8.49.tgz 0ms (cache hit)
21 silly tarball no local data for uview-plus@https://registry.npmmirror.com/uview-plus/-/uview-plus-3.8.49.tgz. Extracting by manifest.
22 http fetch GET 200 https://cdn.npmmirror.com/packages/uview-plus/3.8.49/uview-plus-3.8.49.tgz 1805ms (cache miss)
23 silly ADD node_modules/uview-plus
24 verbose cwd D:\ai_project\new-car-trade\car-trade-frontend
25 verbose os Windows_NT 10.0.26200
26 verbose node v24.14.0
27 verbose npm  v11.9.0
28 verbose exit 0
29 info ok
